[2023-10-02T22:17:10.462+0000] {taskinstance.py:1157} INFO - Dependencies all met for dep_context=non-requeueable deps ti=<TaskInstance: Reporter.LogProcessor manual__2023-10-02T22:17:08.912946+00:00 [queued]>
[2023-10-02T22:17:10.468+0000] {taskinstance.py:1157} INFO - Dependencies all met for dep_context=requeueable deps ti=<TaskInstance: Reporter.LogProcessor manual__2023-10-02T22:17:08.912946+00:00 [queued]>
[2023-10-02T22:17:10.468+0000] {taskinstance.py:1359} INFO - Starting attempt 1 of 3
[2023-10-02T22:17:10.475+0000] {taskinstance.py:1380} INFO - Executing <Task(BashOperator): LogProcessor> on 2023-10-02 22:17:08.912946+00:00
[2023-10-02T22:17:10.478+0000] {standard_task_runner.py:57} INFO - Started process 2412 to run task
[2023-10-02T22:17:10.482+0000] {standard_task_runner.py:84} INFO - Running: ['***', 'tasks', 'run', 'Reporter', 'LogProcessor', 'manual__2023-10-02T22:17:08.912946+00:00', '--job-id', '100', '--raw', '--subdir', 'DAGS_FOLDER/pipeline.py', '--cfg-path', '/tmp/tmppurndubm']
[2023-10-02T22:17:10.483+0000] {standard_task_runner.py:85} INFO - Job 100: Subtask LogProcessor
[2023-10-02T22:17:10.515+0000] {task_command.py:415} INFO - Running <TaskInstance: Reporter.LogProcessor manual__2023-10-02T22:17:08.912946+00:00 [running]> on host c27eac239129
[2023-10-02T22:17:10.560+0000] {taskinstance.py:1660} INFO - Exporting env vars: AIRFLOW_CTX_DAG_OWNER='Jonathan' AIRFLOW_CTX_DAG_ID='Reporter' AIRFLOW_CTX_TASK_ID='LogProcessor' AIRFLOW_CTX_EXECUTION_DATE='2023-10-02T22:17:08.912946+00:00' AIRFLOW_CTX_TRY_NUMBER='1' AIRFLOW_CTX_DAG_RUN_ID='manual__2023-10-02T22:17:08.912946+00:00'
[2023-10-02T22:17:10.561+0000] {subprocess.py:63} INFO - Tmp dir root location: /tmp
[2023-10-02T22:17:10.561+0000] {subprocess.py:75} INFO - Running command: ['/bin/bash', '-c', 'python ${AIRFLOW_HOME}/lib/src/load_log.py ${AIRFLOW_HOME}/data/sample_log_folders/talview-heimdall-logs-202309181309/1694970805502.log']
[2023-10-02T22:17:10.570+0000] {subprocess.py:86} INFO - Output:
[2023-10-02T22:17:11.456+0000] {subprocess.py:93} INFO - /home/***/.local/lib/python3.8/site-packages/pyspark/bin/load-spark-env.sh: line 68: ps: command not found
[2023-10-02T22:17:12.955+0000] {subprocess.py:93} INFO - Setting default log level to "WARN".
[2023-10-02T22:17:12.956+0000] {subprocess.py:93} INFO - To adjust logging level use sc.setLogLevel(newLevel). For SparkR, use setLogLevel(newLevel).
[2023-10-02T22:17:13.175+0000] {subprocess.py:93} INFO - 23/10/02 22:17:13 WARN NativeCodeLoader: Unable to load native-hadoop library for your platform... using builtin-java classes where applicable
[2023-10-02T22:17:18.184+0000] {subprocess.py:93} INFO - Checking logs..
[2023-10-02T22:17:18.185+0000] {subprocess.py:93} INFO - Task completed.
[2023-10-02T22:17:18.185+0000] {subprocess.py:93} INFO - Log Loaded
[2023-10-02T22:17:18.788+0000] {subprocess.py:97} INFO - Command exited with return code 0
[2023-10-02T22:17:18.807+0000] {taskinstance.py:1398} INFO - Marking task as SUCCESS. dag_id=Reporter, task_id=LogProcessor, execution_date=20231002T221708, start_date=20231002T221710, end_date=20231002T221718
[2023-10-02T22:17:18.842+0000] {local_task_job_runner.py:228} INFO - Task exited with return code 0
[2023-10-02T22:17:18.854+0000] {taskinstance.py:2776} INFO - 0 downstream tasks scheduled from follow-on schedule check
