[2023-10-02T22:17:10.462+0000] {taskinstance.py:1157} INFO - Dependencies all met for dep_context=non-requeueable deps ti=<TaskInstance: Reporter.ConfigChecker manual__2023-10-02T22:17:08.912946+00:00 [queued]>
[2023-10-02T22:17:10.468+0000] {taskinstance.py:1157} INFO - Dependencies all met for dep_context=requeueable deps ti=<TaskInstance: Reporter.ConfigChecker manual__2023-10-02T22:17:08.912946+00:00 [queued]>
[2023-10-02T22:17:10.469+0000] {taskinstance.py:1359} INFO - Starting attempt 1 of 3
[2023-10-02T22:17:10.476+0000] {taskinstance.py:1380} INFO - Executing <Task(BashOperator): ConfigChecker> on 2023-10-02 22:17:08.912946+00:00
[2023-10-02T22:17:10.480+0000] {standard_task_runner.py:57} INFO - Started process 2413 to run task
[2023-10-02T22:17:10.483+0000] {standard_task_runner.py:84} INFO - Running: ['***', 'tasks', 'run', 'Reporter', 'ConfigChecker', 'manual__2023-10-02T22:17:08.912946+00:00', '--job-id', '99', '--raw', '--subdir', 'DAGS_FOLDER/pipeline.py', '--cfg-path', '/tmp/tmp9zgh2f91']
[2023-10-02T22:17:10.484+0000] {standard_task_runner.py:85} INFO - Job 99: Subtask ConfigChecker
[2023-10-02T22:17:10.514+0000] {task_command.py:415} INFO - Running <TaskInstance: Reporter.ConfigChecker manual__2023-10-02T22:17:08.912946+00:00 [running]> on host c27eac239129
[2023-10-02T22:17:10.561+0000] {taskinstance.py:1660} INFO - Exporting env vars: AIRFLOW_CTX_DAG_OWNER='Jonathan' AIRFLOW_CTX_DAG_ID='Reporter' AIRFLOW_CTX_TASK_ID='ConfigChecker' AIRFLOW_CTX_EXECUTION_DATE='2023-10-02T22:17:08.912946+00:00' AIRFLOW_CTX_TRY_NUMBER='1' AIRFLOW_CTX_DAG_RUN_ID='manual__2023-10-02T22:17:08.912946+00:00'
[2023-10-02T22:17:10.562+0000] {subprocess.py:63} INFO - Tmp dir root location: /tmp
[2023-10-02T22:17:10.563+0000] {subprocess.py:75} INFO - Running command: ['/bin/bash', '-c', 'python ${AIRFLOW_HOME}/lib/src/check_conf.py ${AIRFLOW_HOME}/data/sample_log_folders/talview-heimdall-logs-202309181309/core-01-vdb_1.conf']
[2023-10-02T22:17:10.571+0000] {subprocess.py:86} INFO - Output:
[2023-10-02T22:17:11.476+0000] {subprocess.py:93} INFO - /home/***/.local/lib/python3.8/site-packages/pyspark/bin/load-spark-env.sh: line 68: ps: command not found
[2023-10-02T22:17:13.004+0000] {subprocess.py:93} INFO - Setting default log level to "WARN".
[2023-10-02T22:17:13.004+0000] {subprocess.py:93} INFO - To adjust logging level use sc.setLogLevel(newLevel). For SparkR, use setLogLevel(newLevel).
[2023-10-02T22:17:13.226+0000] {subprocess.py:93} INFO - 23/10/02 22:17:13 WARN NativeCodeLoader: Unable to load native-hadoop library for your platform... using builtin-java classes where applicable
[2023-10-02T22:17:13.936+0000] {subprocess.py:93} INFO - 23/10/02 22:17:13 WARN Utils: Service 'SparkUI' could not bind on port 4040. Attempting port 4041.
[2023-10-02T22:17:16.983+0000] {subprocess.py:93} INFO - 23/10/02 22:17:16 WARN package: Truncated the string representation of a plan since it was too large. This behavior can be adjusted by setting 'spark.sql.debug.maxToStringFields'.
[2023-10-02T22:17:18.800+0000] {subprocess.py:93} INFO - Checking configurations..
[2023-10-02T22:17:18.800+0000] {subprocess.py:93} INFO - Task completed.
[2023-10-02T22:17:18.801+0000] {subprocess.py:93} INFO - 
[2023-10-02T22:17:19.353+0000] {subprocess.py:97} INFO - Command exited with return code 0
[2023-10-02T22:17:19.373+0000] {taskinstance.py:1398} INFO - Marking task as SUCCESS. dag_id=Reporter, task_id=ConfigChecker, execution_date=20231002T221708, start_date=20231002T221710, end_date=20231002T221719
[2023-10-02T22:17:19.388+0000] {local_task_job_runner.py:228} INFO - Task exited with return code 0
[2023-10-02T22:17:19.404+0000] {taskinstance.py:2776} INFO - 1 downstream tasks scheduled from follow-on schedule check
