[2023-10-02T21:05:07.025+0000] {taskinstance.py:1157} INFO - Dependencies all met for dep_context=non-requeueable deps ti=<TaskInstance: Reporter.LogProcessor scheduled__2023-10-02T21:00:00+00:00 [queued]>
[2023-10-02T21:05:07.030+0000] {taskinstance.py:1157} INFO - Dependencies all met for dep_context=requeueable deps ti=<TaskInstance: Reporter.LogProcessor scheduled__2023-10-02T21:00:00+00:00 [queued]>
[2023-10-02T21:05:07.031+0000] {taskinstance.py:1359} INFO - Starting attempt 1 of 3
[2023-10-02T21:05:07.039+0000] {taskinstance.py:1380} INFO - Executing <Task(BashOperator): LogProcessor> on 2023-10-02 21:00:00+00:00
[2023-10-02T21:05:07.049+0000] {standard_task_runner.py:57} INFO - Started process 54 to run task
[2023-10-02T21:05:07.058+0000] {standard_task_runner.py:84} INFO - Running: ['***', 'tasks', 'run', 'Reporter', 'LogProcessor', 'scheduled__2023-10-02T21:00:00+00:00', '--job-id', '69', '--raw', '--subdir', 'DAGS_FOLDER/pipeline.py', '--cfg-path', '/tmp/tmpua3iiv2s']
[2023-10-02T21:05:07.061+0000] {standard_task_runner.py:85} INFO - Job 69: Subtask LogProcessor
[2023-10-02T21:05:07.117+0000] {task_command.py:415} INFO - Running <TaskInstance: Reporter.LogProcessor scheduled__2023-10-02T21:00:00+00:00 [running]> on host c27eac239129
[2023-10-02T21:05:07.207+0000] {taskinstance.py:1660} INFO - Exporting env vars: AIRFLOW_CTX_DAG_OWNER='Jonathan' AIRFLOW_CTX_DAG_ID='Reporter' AIRFLOW_CTX_TASK_ID='LogProcessor' AIRFLOW_CTX_EXECUTION_DATE='2023-10-02T21:00:00+00:00' AIRFLOW_CTX_TRY_NUMBER='1' AIRFLOW_CTX_DAG_RUN_ID='scheduled__2023-10-02T21:00:00+00:00'
[2023-10-02T21:05:07.208+0000] {subprocess.py:63} INFO - Tmp dir root location: /tmp
[2023-10-02T21:05:07.209+0000] {subprocess.py:75} INFO - Running command: ['/bin/bash', '-c', 'python ${AIRFLOW_HOME}/lib/src/load_log.py ${AIRFLOW_HOME}/data/sample_log_folders/talview-heimdall-logs-202309181309/1694970805502.log']
[2023-10-02T21:05:07.221+0000] {subprocess.py:86} INFO - Output:
[2023-10-02T21:05:08.844+0000] {subprocess.py:93} INFO - /home/***/.local/lib/python3.8/site-packages/pyspark/bin/load-spark-env.sh: line 68: ps: command not found
[2023-10-02T21:05:12.719+0000] {subprocess.py:93} INFO - Setting default log level to "WARN".
[2023-10-02T21:05:12.719+0000] {subprocess.py:93} INFO - To adjust logging level use sc.setLogLevel(newLevel). For SparkR, use setLogLevel(newLevel).
[2023-10-02T21:05:12.986+0000] {subprocess.py:93} INFO - 23/10/02 21:05:12 WARN NativeCodeLoader: Unable to load native-hadoop library for your platform... using builtin-java classes where applicable
[2023-10-02T21:05:14.513+0000] {subprocess.py:93} INFO - 23/10/02 21:05:14 WARN Utils: Service 'SparkUI' could not bind on port 4040. Attempting port 4041.
[2023-10-02T21:05:14.514+0000] {subprocess.py:93} INFO - 23/10/02 21:05:14 WARN Utils: Service 'SparkUI' could not bind on port 4041. Attempting port 4042.
[2023-10-02T21:05:22.561+0000] {subprocess.py:93} INFO - [Stage 0:>                                                          (0 + 1) / 1]                                                                                Checking logs..
[2023-10-02T21:05:22.563+0000] {subprocess.py:93} INFO - Task completed.
[2023-10-02T21:05:22.563+0000] {subprocess.py:93} INFO - Log Loaded
[2023-10-02T21:05:23.139+0000] {subprocess.py:97} INFO - Command exited with return code 0
[2023-10-02T21:05:23.177+0000] {taskinstance.py:1398} INFO - Marking task as SUCCESS. dag_id=Reporter, task_id=LogProcessor, execution_date=20231002T210000, start_date=20231002T210507, end_date=20231002T210523
[2023-10-02T21:05:23.200+0000] {local_task_job_runner.py:228} INFO - Task exited with return code 0
[2023-10-02T21:05:23.216+0000] {taskinstance.py:2776} INFO - 0 downstream tasks scheduled from follow-on schedule check
